[16:31:05] [main/INFO] (FabricLoader/GameProvider) Loading Minecraft 1.20.2 with Fabric Loader 0.14.24
[16:31:06] [main/INFO] (FabricLoader) Loading 55 mods:
	- aindustries 0.1-1.20.1
	- fabric-api 0.90.7+1.20.2
	- fabric-api-base 0.4.33+fce67b32a0
	- fabric-api-lookup-api-v1 1.6.42+b1792f7da0
	- fabric-biome-api-v1 13.0.14+b1792f7da0
	- fabric-block-api-v1 1.0.12+73761d2ea0
	- fabric-block-view-api-v2 1.0.1+73761d2ea0
	- fabric-blockrenderlayer-v1 1.1.43+f4b7e424a0
	- fabric-client-tags-api-v1 1.1.4+86b12645a0
	- fabric-command-api-v1 1.2.37+f71b366fa0
	- fabric-command-api-v2 2.2.16+b1792f7da0
	- fabric-commands-v0 0.2.54+df3654b3a0
	- fabric-containers-v0 0.1.75+df3654b3a0
	- fabric-content-registries-v0 5.0.5+b1792f7da0
	- fabric-convention-tags-v1 1.5.8+b1792f7da0
	- fabric-crash-report-info-v1 0.2.20+f4b7e424a0
	- fabric-data-generation-api-v1 13.1.5+b1792f7da0
	- fabric-dimensions-v1 2.1.57+b1792f7da0
	- fabric-entity-events-v1 1.5.26+b1792f7da0
	- fabric-events-interaction-v0 0.6.10+b1792f7da0
	- fabric-events-lifecycle-v0 0.2.69+df3654b3a0
	- fabric-game-rule-api-v1 1.0.42+a44e16a6a0
	- fabric-gametest-api-v1 1.2.16+b1792f7da0
	- fabric-item-api-v1 2.1.33+b1792f7da0
	- fabric-item-group-api-v1 4.0.15+e3d2bf3fa0
	- fabric-key-binding-api-v1 1.0.38+f4b7e424a0
	- fabric-keybindings-v0 0.2.36+df3654b3a0
	- fabric-lifecycle-events-v1 2.2.27+b1792f7da0
	- fabric-loot-api-v2 2.1.1+3ba460fba0
	- fabric-message-api-v1 6.0.2+e3d2bf3fa0
	- fabric-mining-level-api-v1 2.1.55+f4b7e424a0
	- fabric-model-loading-api-v1 1.0.6+b1792f7da0
	- fabric-models-v0 0.4.5+9386d8a7a0
	- fabric-networking-api-v1 3.0.11+bff13c85a0
	- fabric-object-builder-api-v1 12.1.2+2ff98d3ba0
	- fabric-particles-v1 1.1.4+f4b7e424a0
	- fabric-recipe-api-v1 2.0.8+52b3ebe5a0
	- fabric-registry-sync-v0 4.0.6+b1792f7da0
	- fabric-renderer-api-v1 3.2.1+2034447ca0
	- fabric-renderer-indigo 1.5.1+2034447ca0
	- fabric-renderer-registries-v1 3.2.49+df3654b3a0
	- fabric-rendering-data-attachment-v1 0.3.39+73761d2ea0
	- fabric-rendering-fluids-v1 3.0.30+f4b7e424a0
	- fabric-rendering-v0 1.1.52+df3654b3a0
	- fabric-rendering-v1 3.0.11+b1792f7da0
	- fabric-resource-conditions-api-v1 2.3.10+e3d2bf3fa0
	- fabric-resource-loader-v0 0.11.12+b1792f7da0
	- fabric-screen-api-v1 2.0.12+b1792f7da0
	- fabric-screen-handler-api-v1 1.3.41+b1792f7da0
	- fabric-sound-api-v1 1.0.14+f4b7e424a0
	- fabric-transfer-api-v1 3.3.10+bb1ee60ea0
	- fabric-transitive-access-wideners-v1 5.0.3+fce67b32a0
	- fabricloader 0.14.24
	- java 17
	- minecraft 1.20.2
[16:31:06] [main/INFO] (FabricLoader/Mixin) SpongePowered MIXIN Subsystem Version=0.8.5 Source=file:/home/viktor/.gradle/caches/modules-2/files-2.1/net.fabricmc/sponge-mixin/0.12.5+mixin.0.8.5/8d31fb97c3e0cd7c8dad3441851c523bcfae6d8e/sponge-mixin-0.12.5+mixin.0.8.5.jar Service=Knot/Fabric Env=CLIENT
[16:31:06] [main/INFO] (FabricLoader/Mixin) Loaded Fabric development mappings for mixin remapper!
[16:31:06] [main/INFO] (FabricLoader/Mixin) Compatibility level set to JAVA_17
[16:31:17] [Datafixer Bootstrap/INFO] (Minecraft) 192 Datafixer optimizations took 305 milliseconds
[16:31:19] [Render thread/INFO] (Minecraft) Environment: Environment[accountsHost=https://api.mojang.com, sessionHost=https://sessionserver.mojang.com, servicesHost=https://api.minecraftservices.com, name=PROD]
[16:31:20] [Render thread/ERROR] (Minecraft) Failed to verify authentication
com.mojang.authlib.exceptions.InvalidCredentialsException: Status: 401
	at com.mojang.authlib.exceptions.MinecraftClientHttpException.toAuthenticationException(MinecraftClientHttpException.java:59) ~[authlib-5.0.47.jar:?]
	at com.mojang.authlib.yggdrasil.YggdrasilUserApiService.fetchProperties(YggdrasilUserApiService.java:159) ~[authlib-5.0.47.jar:?]
	at com.mojang.authlib.yggdrasil.YggdrasilUserApiService.<init>(YggdrasilUserApiService.java:53) ~[authlib-5.0.47.jar:?]
	at com.mojang.authlib.yggdrasil.YggdrasilAuthenticationService.createUserApiService(YggdrasilAuthenticationService.java:55) ~[authlib-5.0.47.jar:?]
	at net.minecraft.client.MinecraftClient.createUserApiService(MinecraftClient.java:787) ~[minecraft-merged-1f338b2c9f-1.20.2-net.fabricmc.yarn.1_20_2.1.20.2+build.4-v2.jar:?]
	at net.minecraft.client.MinecraftClient.<init>(MinecraftClient.java:451) ~[minecraft-merged-1f338b2c9f-1.20.2-net.fabricmc.yarn.1_20_2.1.20.2+build.4-v2.jar:?]
	at net.minecraft.client.main.Main.main(Main.java:214) ~[minecraft-merged-1f338b2c9f-1.20.2-net.fabricmc.yarn.1_20_2.1.20.2+build.4-v2.jar:?]
	at net.fabricmc.loader.impl.game.minecraft.MinecraftGameProvider.launch(MinecraftGameProvider.java:470) ~[fabric-loader-0.14.24.jar:?]
	at net.fabricmc.loader.impl.launch.knot.Knot.launch(Knot.java:74) ~[fabric-loader-0.14.24.jar:?]
	at net.fabricmc.loader.impl.launch.knot.KnotClient.main(KnotClient.java:23) ~[fabric-loader-0.14.24.jar:?]
	at net.fabricmc.devlaunchinjector.Main.main(Main.java:86) ~[dev-launch-injector-0.2.1+build.8.jar:?]
Caused by: com.mojang.authlib.exceptions.MinecraftClientHttpException: Status: 401
	at com.mojang.authlib.minecraft.client.MinecraftClient.readInputStream(MinecraftClient.java:100) ~[authlib-5.0.47.jar:?]
	at com.mojang.authlib.minecraft.client.MinecraftClient.get(MinecraftClient.java:57) ~[authlib-5.0.47.jar:?]
	at com.mojang.authlib.yggdrasil.YggdrasilUserApiService.fetchProperties(YggdrasilUserApiService.java:130) ~[authlib-5.0.47.jar:?]
	... 9 more
[16:31:20] [Render thread/INFO] (Minecraft) Setting user: Player796
[16:31:21] [Render thread/INFO] (aindustries) AIndustries loading
[16:31:21] [Render thread/INFO] (aindustries) Registering Mod items fot aindustries
[16:31:21] [Render thread/INFO] (aindustries) Registering aindustries blocks.
[16:31:21] [Render thread/INFO] (aindustries) Registering aindustries ItemGroups
[16:31:21] [Render thread/INFO] (aindustries) Starting AIndustriesClient
[16:31:21] [Render thread/INFO] (Indigo) [Indigo] Registering Indigo renderer!
[16:31:21] [Render thread/INFO] (Minecraft) Backend library: LWJGL version 3.3.2-snapshot
[16:31:24] [Render thread/INFO] (Minecraft) Reloading ResourceManager: vanilla, fabric (fabric-transitive-access-wideners-v1, fabric-item-group-api-v1, fabric-rendering-fluids-v1, fabric-dimensions-v1, fabric-models-v0, fabric-command-api-v2, fabric-content-registries-v0, fabric-game-rule-api-v1, fabric-screen-handler-api-v1, fabric-message-api-v1, fabric-object-builder-api-v1, aindustries, fabric-keybindings-v0, fabric-recipe-api-v1, fabric-resource-loader-v0, fabric-command-api-v1, fabric-rendering-v0, fabric-convention-tags-v1, fabric-events-interaction-v0, fabric-block-api-v1, fabric-mining-level-api-v1, fabric-renderer-api-v1, fabric-transfer-api-v1, fabric-client-tags-api-v1, fabric-entity-events-v1, fabric-renderer-registries-v1, fabric-particles-v1, fabric-renderer-indigo, fabric-resource-conditions-api-v1, fabric-data-generation-api-v1, fabricloader, fabric-rendering-v1, fabric-item-api-v1, fabric-crash-report-info-v1, fabric-biome-api-v1, fabric-gametest-api-v1, fabric-networking-api-v1, fabric-block-view-api-v2, fabric-loot-api-v2, fabric-key-binding-api-v1, fabric-commands-v0, fabric-registry-sync-v0, fabric-api-lookup-api-v1, fabric-lifecycle-events-v1, fabric-sound-api-v1, fabric-api, fabric-model-loading-api-v1, fabric-events-lifecycle-v0, fabric-blockrenderlayer-v1, fabric-api-base, fabric-screen-api-v1, fabric-rendering-data-attachment-v1, fabric-containers-v0)
[16:31:25] [Worker-Main-3/INFO] (Minecraft) Found unifont_all_no_pua-15.0.06.hex, loading
[16:31:28] [Render thread/WARN] (Minecraft) Missing sound for event: minecraft:item.goat_horn.play
[16:31:28] [Render thread/WARN] (Minecraft) Missing sound for event: minecraft:entity.goat.screaming.horn_break
[16:31:28] [Render thread/INFO] (Minecraft) OpenAL initialized on device Áudio interno Estéreo analógico
[16:31:28] [Render thread/INFO] (Minecraft) Sound engine started
[16:31:29] [Render thread/INFO] (Minecraft) Created: 1024x512x0 minecraft:textures/atlas/blocks.png-atlas
[16:31:29] [Render thread/INFO] (Minecraft) Created: 256x256x0 minecraft:textures/atlas/signs.png-atlas
[16:31:29] [Render thread/INFO] (Minecraft) Created: 512x512x0 minecraft:textures/atlas/shield_patterns.png-atlas
[16:31:29] [Render thread/INFO] (Minecraft) Created: 512x512x0 minecraft:textures/atlas/banner_patterns.png-atlas
[16:31:29] [Render thread/INFO] (Minecraft) Created: 1024x1024x0 minecraft:textures/atlas/armor_trims.png-atlas
[16:31:29] [Render thread/INFO] (Minecraft) Created: 128x64x0 minecraft:textures/atlas/decorated_pot.png-atlas
[16:31:29] [Render thread/INFO] (Minecraft) Created: 256x256x0 minecraft:textures/atlas/chest.png-atlas
[16:31:29] [Render thread/INFO] (Minecraft) Created: 512x256x0 minecraft:textures/atlas/shulker_boxes.png-atlas
[16:31:29] [Render thread/INFO] (Minecraft) Created: 512x256x0 minecraft:textures/atlas/beds.png-atlas
[16:31:29] [Render thread/WARN] (Minecraft) Shader rendertype_entity_translucent_emissive could not find sampler named Sampler2 in the specified shader program.
[16:31:29] [Render thread/INFO] (Minecraft) Created: 256x256x0 minecraft:textures/atlas/particles.png-atlas
[16:31:29] [Render thread/INFO] (Minecraft) Created: 256x256x0 minecraft:textures/atlas/paintings.png-atlas
[16:31:30] [Render thread/INFO] (Minecraft) Created: 128x128x0 minecraft:textures/atlas/mob_effects.png-atlas
[16:31:30] [Render thread/INFO] (Minecraft) Created: 1024x512x0 minecraft:textures/atlas/gui.png-atlas
[16:31:30] [IO-Worker-1/INFO] (Minecraft) Could not authorize you against Realms server: Invalid session id
[16:31:30] [IO-Worker-1/ERROR] (Minecraft) Couldn't connect to realms
net.minecraft.client.realms.exception.RealmsServiceException: Realms authentication error with message 'Invalid session id'
	at net.minecraft.client.realms.RealmsClient.execute(RealmsClient.java:432) ~[minecraft-merged-1f338b2c9f-1.20.2-net.fabricmc.yarn.1_20_2.1.20.2+build.4-v2.jar:?]
	at net.minecraft.client.realms.RealmsClient.clientCompatible(RealmsClient.java:218) ~[minecraft-merged-1f338b2c9f-1.20.2-net.fabricmc.yarn.1_20_2.1.20.2+build.4-v2.jar:?]
	at net.minecraft.client.realms.RealmsAvailability.method_52627(RealmsAvailability.java:45) ~[minecraft-merged-1f338b2c9f-1.20.2-net.fabricmc.yarn.1_20_2.1.20.2+build.4-v2.jar:?]
	at java.util.concurrent.CompletableFuture$AsyncSupply.run(CompletableFuture.java:1768) ~[?:?]
	at java.util.concurrent.ThreadPoolExecutor.runWorker(ThreadPoolExecutor.java:1136) ~[?:?]
	at java.util.concurrent.ThreadPoolExecutor$Worker.run(ThreadPoolExecutor.java:635) ~[?:?]
	at java.lang.Thread.run(Thread.java:840) ~[?:?]
[16:31:54] [Render thread/INFO] (Minecraft) Loaded 7 recipes
[16:31:55] [Render thread/INFO] (Minecraft) Loaded 1271 advancements
[16:31:55] [Render thread/INFO] (BiomeModificationImpl) Applied 0 biome modifications to 0 of 64 new biomes in 2.152 ms
[16:31:55] [Server thread/INFO] (Minecraft) Starting integrated minecraft server version 1.20.2
[16:31:55] [Server thread/INFO] (Minecraft) Generating keypair
[16:31:59] [Server thread/INFO] (Minecraft) Preparing start region for dimension minecraft:overworld
[16:32:02] [Render thread/INFO] (Minecraft) Preparing spawn area: 0%
[16:32:02] [Render thread/INFO] (Minecraft) Preparing spawn area: 0%
[16:32:02] [Render thread/INFO] (Minecraft) Preparing spawn area: 0%
[16:32:02] [Render thread/INFO] (Minecraft) Preparing spawn area: 0%
[16:32:02] [Render thread/INFO] (Minecraft) Preparing spawn area: 0%
[16:32:02] [Render thread/INFO] (Minecraft) Preparing spawn area: 0%
[16:32:02] [Render thread/INFO] (Minecraft) Preparing spawn area: 0%
[16:32:03] [Render thread/INFO] (Minecraft) Preparing spawn area: 0%
[16:32:03] [Render thread/INFO] (Minecraft) Preparing spawn area: 0%
[16:32:04] [Render thread/INFO] (Minecraft) Preparing spawn area: 1%
[16:32:04] [Render thread/INFO] (Minecraft) Preparing spawn area: 4%
[16:32:05] [Render thread/INFO] (Minecraft) Preparing spawn area: 4%
[16:32:05] [Render thread/INFO] (Minecraft) Preparing spawn area: 4%
[16:32:06] [Render thread/INFO] (Minecraft) Preparing spawn area: 4%
[16:32:06] [Render thread/INFO] (Minecraft) Preparing spawn area: 15%
[16:32:07] [Render thread/INFO] (Minecraft) Preparing spawn area: 15%
[16:32:07] [Render thread/INFO] (Minecraft) Preparing spawn area: 66%
[16:32:08] [Render thread/INFO] (Minecraft) Time elapsed: 8267 ms
[16:32:08] [Server thread/INFO] (Minecraft) Changing view distance to 8, from 10
[16:32:08] [Server thread/INFO] (Minecraft) Changing simulation distance to 12, from 0
[16:32:09] [Server thread/INFO] (Minecraft) Player796[local:E:ee27ebb7] logged in with entity id 135 at (369.9555012844733, 105.00063554902955, -141.39724335794918)
[16:32:09] [Server thread/INFO] (Minecraft) Player796 joined the game
[16:32:11] [Render thread/INFO] (Minecraft) Loaded 2 advancements
[16:32:19] [Server thread/WARN] (Minecraft) Can't keep up! Is the server overloaded? Running 2006ms or 40 ticks behind
[16:32:57] [Server thread/INFO] (Minecraft) Saving and pausing game...
[16:32:57] [Server thread/INFO] (Minecraft) Saving chunks for level 'ServerLevel[New World]'/minecraft:overworld
[16:32:57] [Server thread/INFO] (Minecraft) Saving chunks for level 'ServerLevel[New World]'/minecraft:the_end
[16:32:57] [Server thread/INFO] (Minecraft) Saving chunks for level 'ServerLevel[New World]'/minecraft:the_nether
[16:32:57] [Server thread/INFO] (Minecraft) Player796 lost connection: Disconnected
[16:32:57] [Server thread/INFO] (Minecraft) Player796 left the game
[16:32:57] [Server thread/INFO] (Minecraft) Stopping singleplayer server as player logged out
[16:32:57] [Server thread/INFO] (Minecraft) Stopping server
[16:32:57] [Server thread/INFO] (Minecraft) Saving players
[16:32:57] [Server thread/INFO] (Minecraft) Saving worlds
[16:32:59] [Server thread/INFO] (Minecraft) Saving chunks for level 'ServerLevel[New World]'/minecraft:overworld
[16:33:03] [Server thread/INFO] (Minecraft) Saving chunks for level 'ServerLevel[New World]'/minecraft:the_end
[16:33:03] [Server thread/INFO] (Minecraft) Saving chunks for level 'ServerLevel[New World]'/minecraft:the_nether
[16:33:03] [Server thread/INFO] (Minecraft) ThreadedAnvilChunkStorage (New World): All chunks are saved
[16:33:03] [Server thread/INFO] (Minecraft) ThreadedAnvilChunkStorage (DIM1): All chunks are saved
[16:33:03] [Server thread/INFO] (Minecraft) ThreadedAnvilChunkStorage (DIM-1): All chunks are saved
[16:33:03] [Server thread/INFO] (Minecraft) ThreadedAnvilChunkStorage: All dimensions are saved
[16:33:18] [Render thread/INFO] (Minecraft) Stopping!
